Using pre-set license

 COMMAND LINE ARGUMENTS:
/Applications/Unity/Hub/Editor/2021.1.0b3/Unity.app/Contents/MacOS/Unity
-adb2
-batchMode
-noUpm
-name
AssetImportWorker0
-projectPath
/Users/omarqureshi/Desktop/Unity Projects/gamejam2
-logFile
Logs/AssetImportWorker0.log
-srvPort
53838
Successfully changed project path to: /Users/omarqureshi/Desktop/Unity Projects/gamejam2
/Users/omarqureshi/Desktop/Unity Projects/gamejam2
Using Asset Import Pipeline V2.
Refreshing native plugins compatible for Editor in 92.22 ms, found 1 plugins.
Preloading 0 native plugins for Editor in 0.00 ms.
Initialize engine version: 2021.1.0b3 (202fb86be42c)
[Subsystems] Discovering subsystems at path /Applications/Unity/Hub/Editor/2021.1.0b3/Unity.app/Contents/Resources/UnitySubsystems
[Subsystems] Discovering subsystems at path /Users/omarqureshi/Desktop/Unity Projects/gamejam2/Assets
GfxDevice: creating device client; threaded=0; jobified=0
2021-01-23 12:25:01.019 Unity[5887:231524] Color LCD preferred device: Intel(R) Iris(TM) Graphics 550 (low power)
2021-01-23 12:25:01.019 Unity[5887:231524] Metal devices available: 1
2021-01-23 12:25:01.019 Unity[5887:231524] 0: Intel(R) Iris(TM) Graphics 550 (low power)
2021-01-23 12:25:01.019 Unity[5887:231524] Using device Intel(R) Iris(TM) Graphics 550 (low power)
Initializing Metal device caps: Intel(R) Iris(TM) Graphics 550
Initialize mono
Mono path[0] = '/Applications/Unity/Hub/Editor/2021.1.0b3/Unity.app/Contents/Managed'
Mono path[1] = '/Applications/Unity/Hub/Editor/2021.1.0b3/Unity.app/Contents/MonoBleedingEdge/lib/mono/unityjit'
Mono config path = '/Applications/Unity/Hub/Editor/2021.1.0b3/Unity.app/Contents/MonoBleedingEdge/etc'
Using monoOptions --debugger-agent=transport=dt_socket,embedding=1,server=y,suspend=n,address=127.0.0.1:56887
Begin MonoManager ReloadAssembly
Registering precompiled unity dll's ...
Register platform support module: /Applications/Unity/Hub/Editor/2021.1.0b3/Unity.app/Contents/PlaybackEngines/MacStandaloneSupport/UnityEditor.OSXStandalone.Extensions.dll
Registered in 0.000945 seconds.
Native extension for OSXStandalone target not found
Refreshing native plugins compatible for Editor in 153.26 ms, found 1 plugins.
Preloading 0 native plugins for Editor in 0.00 ms.
Mono: successfully reloaded assembly
- Completed reload, in  9.052 seconds
Platform modules already initialized, skipping
Registering precompiled user dll's ...
Registered in 0.002286 seconds.
Begin MonoManager ReloadAssembly
Native extension for OSXStandalone target not found
Refreshing native plugins compatible for Editor in 0.54 ms, found 1 plugins.
Preloading 0 native plugins for Editor in 0.00 ms.
Mono: successfully reloaded assembly
- Completed reload, in  1.833 seconds
Platform modules already initialized, skipping
========================================================================
Worker process is ready to serve import requests
Launching external process: /Applications/Unity/Hub/Editor/2021.1.0b3/Unity.app/Contents/Tools/UnityShaderCompiler
Launched and connected shader compiler UnityShaderCompiler after 0.07 seconds
Refreshing native plugins compatible for Editor in 0.79 ms, found 1 plugins.
Preloading 0 native plugins for Editor in 0.00 ms.
Unloading 2645 Unused Serialized files (Serialized files now loaded: 0)
System memory in use before: 300.5 MB.
System memory in use after: 300.6 MB.

Unloading 15 unused Assets to reduce memory usage. Loaded Objects now: 3094.
Total: 4.449815 ms (FindLiveObjects: 0.497311 ms CreateObjectMapping: 0.301265 ms MarkObjects: 3.535984 ms  DeleteObjects: 0.112808 ms)

========================================================================
Received Import Request.
  path: Assets/CameraSwitch.cs
  artifactKey: Guid(ae782dbc7a881403fac9e464c986b08d) Importer(815301076,1909f56bfc062723c751e8b465ee728b)
Start importing Assets/CameraSwitch.cs using Guid(ae782dbc7a881403fac9e464c986b08d) Importer(815301076,1909f56bfc062723c751e8b465ee728b)  -> (artifact id: 'a6c0e107a68b60b1590d7cd45d25d79f') in 0.480776 seconds 
========================================================================
Received Prepare
Registering precompiled user dll's ...
Registered in 0.003517 seconds.
Begin MonoManager ReloadAssembly
Native extension for OSXStandalone target not found
Refreshing native plugins compatible for Editor in 0.57 ms, found 1 plugins.
Preloading 0 native plugins for Editor in 0.00 ms.
Mono: successfully reloaded assembly
- Completed reload, in  3.245 seconds
Platform modules already initialized, skipping
Refreshing native plugins compatible for Editor in 0.56 ms, found 1 plugins.
Preloading 0 native plugins for Editor in 0.00 ms.
Unloading 2640 Unused Serialized files (Serialized files now loaded: 0)
System memory in use before: 305.2 MB.
System memory in use after: 305.4 MB.

Unloading 10 unused Assets to reduce memory usage. Loaded Objects now: 3096.
Total: 3.753602 ms (FindLiveObjects: 0.613628 ms CreateObjectMapping: 0.308999 ms MarkObjects: 2.753740 ms  DeleteObjects: 0.075440 ms)

========================================================================
Received Prepare
Registering precompiled user dll's ...
Registered in 0.009154 seconds.
Begin MonoManager ReloadAssembly
Native extension for OSXStandalone target not found
Refreshing native plugins compatible for Editor in 0.54 ms, found 1 plugins.
Preloading 0 native plugins for Editor in 0.00 ms.
Mono: successfully reloaded assembly
- Completed reload, in  1.651 seconds
Platform modules already initialized, skipping
Refreshing native plugins compatible for Editor in 0.63 ms, found 1 plugins.
Preloading 0 native plugins for Editor in 0.00 ms.
Unloading 2640 Unused Serialized files (Serialized files now loaded: 0)
System memory in use before: 305.4 MB.
System memory in use after: 305.6 MB.

Unloading 10 unused Assets to reduce memory usage. Loaded Objects now: 3098.
Total: 3.166149 ms (FindLiveObjects: 0.380993 ms CreateObjectMapping: 0.239948 ms MarkObjects: 2.452624 ms  DeleteObjects: 0.060231 ms)

========================================================================
Received Import Request.
  Time since last request: 588.247568 seconds.
  path: Assets/CameraSwitch.cs
  artifactKey: Guid(ae782dbc7a881403fac9e464c986b08d) Importer(815301076,1909f56bfc062723c751e8b465ee728b)
Start importing Assets/CameraSwitch.cs using Guid(ae782dbc7a881403fac9e464c986b08d) Importer(815301076,1909f56bfc062723c751e8b465ee728b)  -> (artifact id: '3272f3e8570b38664f3f554ba81bad9c') in 0.030180 seconds 
========================================================================
Received Prepare
Registering precompiled user dll's ...
Registered in 0.008200 seconds.
Begin MonoManager ReloadAssembly
Native extension for OSXStandalone target not found
Refreshing native plugins compatible for Editor in 0.55 ms, found 1 plugins.
Preloading 0 native plugins for Editor in 0.00 ms.
Mono: successfully reloaded assembly
- Completed reload, in  2.391 seconds
Platform modules already initialized, skipping
Refreshing native plugins compatible for Editor in 0.53 ms, found 1 plugins.
Preloading 0 native plugins for Editor in 0.00 ms.
Unloading 2640 Unused Serialized files (Serialized files now loaded: 0)
System memory in use before: 305.7 MB.
System memory in use after: 305.8 MB.

Unloading 10 unused Assets to reduce memory usage. Loaded Objects now: 3100.
Total: 3.385698 ms (FindLiveObjects: 0.357843 ms CreateObjectMapping: 0.170801 ms MarkObjects: 2.801282 ms  DeleteObjects: 0.054115 ms)

========================================================================
Received Prepare
Registering precompiled user dll's ...
Registered in 0.003290 seconds.
Begin MonoManager ReloadAssembly
Native extension for OSXStandalone target not found
Refreshing native plugins compatible for Editor in 1.03 ms, found 1 plugins.
Preloading 0 native plugins for Editor in 0.00 ms.
Mono: successfully reloaded assembly
- Completed reload, in  4.165 seconds
Platform modules already initialized, skipping
Refreshing native plugins compatible for Editor in 1.87 ms, found 1 plugins.
Preloading 0 native plugins for Editor in 0.00 ms.
Unloading 2640 Unused Serialized files (Serialized files now loaded: 0)
System memory in use before: 305.8 MB.
System memory in use after: 306.0 MB.

Unloading 10 unused Assets to reduce memory usage. Loaded Objects now: 3102.
Total: 12.997471 ms (FindLiveObjects: 1.494528 ms CreateObjectMapping: 0.512703 ms MarkObjects: 10.903571 ms  DeleteObjects: 0.080632 ms)

========================================================================
Received Prepare
Registering precompiled user dll's ...
Registered in 0.001990 seconds.
Begin MonoManager ReloadAssembly
Native extension for OSXStandalone target not found
Refreshing native plugins compatible for Editor in 0.62 ms, found 1 plugins.
Preloading 0 native plugins for Editor in 0.00 ms.
Mono: successfully reloaded assembly
- Completed reload, in  1.684 seconds
Platform modules already initialized, skipping
Refreshing native plugins compatible for Editor in 0.91 ms, found 1 plugins.
Preloading 0 native plugins for Editor in 0.00 ms.
Unloading 2640 Unused Serialized files (Serialized files now loaded: 0)
System memory in use before: 306.0 MB.
System memory in use after: 306.2 MB.

Unloading 10 unused Assets to reduce memory usage. Loaded Objects now: 3104.
Total: 3.938242 ms (FindLiveObjects: 0.354074 ms CreateObjectMapping: 0.178485 ms MarkObjects: 3.335607 ms  DeleteObjects: 0.068533 ms)

========================================================================
Received Prepare
Registering precompiled user dll's ...
Registered in 0.009548 seconds.
Begin MonoManager ReloadAssembly
Native extension for OSXStandalone target not found
Refreshing native plugins compatible for Editor in 0.53 ms, found 1 plugins.
Preloading 0 native plugins for Editor in 0.00 ms.
Mono: successfully reloaded assembly
- Completed reload, in  1.673 seconds
Platform modules already initialized, skipping
Refreshing native plugins compatible for Editor in 0.93 ms, found 1 plugins.
Preloading 0 native plugins for Editor in 0.00 ms.
Unloading 2640 Unused Serialized files (Serialized files now loaded: 0)
System memory in use before: 306.2 MB.
System memory in use after: 306.4 MB.

Unloading 10 unused Assets to reduce memory usage. Loaded Objects now: 3106.
Total: 2.624304 ms (FindLiveObjects: 0.314182 ms CreateObjectMapping: 0.217555 ms MarkObjects: 2.028961 ms  DeleteObjects: 0.061965 ms)

========================================================================
Received Prepare
Registering precompiled user dll's ...
Registered in 0.003616 seconds.
Begin MonoManager ReloadAssembly
Native extension for OSXStandalone target not found
Refreshing native plugins compatible for Editor in 0.59 ms, found 1 plugins.
Preloading 0 native plugins for Editor in 0.00 ms.
Mono: successfully reloaded assembly
- Completed reload, in  1.642 seconds
Platform modules already initialized, skipping
Refreshing native plugins compatible for Editor in 0.47 ms, found 1 plugins.
Preloading 0 native plugins for Editor in 0.00 ms.
Unloading 2640 Unused Serialized files (Serialized files now loaded: 0)
System memory in use before: 306.4 MB.
System memory in use after: 306.6 MB.

Unloading 10 unused Assets to reduce memory usage. Loaded Objects now: 3108.
Total: 2.742358 ms (FindLiveObjects: 0.288824 ms CreateObjectMapping: 0.185395 ms MarkObjects: 2.211339 ms  DeleteObjects: 0.055335 ms)

========================================================================
Received Prepare
Registering precompiled user dll's ...
Registered in 0.009440 seconds.
Begin MonoManager ReloadAssembly
Native extension for OSXStandalone target not found
Refreshing native plugins compatible for Editor in 0.56 ms, found 1 plugins.
Preloading 0 native plugins for Editor in 0.00 ms.
Mono: successfully reloaded assembly
- Completed reload, in  1.885 seconds
Platform modules already initialized, skipping
Refreshing native plugins compatible for Editor in 0.55 ms, found 1 plugins.
Preloading 0 native plugins for Editor in 0.00 ms.
Unloading 2640 Unused Serialized files (Serialized files now loaded: 0)
System memory in use before: 306.6 MB.
System memory in use after: 306.8 MB.

Unloading 10 unused Assets to reduce memory usage. Loaded Objects now: 3110.
Total: 2.963855 ms (FindLiveObjects: 0.622197 ms CreateObjectMapping: 0.373348 ms MarkObjects: 1.917256 ms  DeleteObjects: 0.049229 ms)

========================================================================
Received Prepare
Registering precompiled user dll's ...
Registered in 0.008484 seconds.
Begin MonoManager ReloadAssembly
Native extension for OSXStandalone target not found
Refreshing native plugins compatible for Editor in 0.70 ms, found 1 plugins.
Preloading 0 native plugins for Editor in 0.00 ms.
Mono: successfully reloaded assembly
- Completed reload, in  1.825 seconds
Platform modules already initialized, skipping
Refreshing native plugins compatible for Editor in 1.16 ms, found 1 plugins.
Preloading 0 native plugins for Editor in 0.00 ms.
Unloading 2640 Unused Serialized files (Serialized files now loaded: 0)
System memory in use before: 306.8 MB.
System memory in use after: 307.0 MB.

Unloading 10 unused Assets to reduce memory usage. Loaded Objects now: 3112.
Total: 2.962469 ms (FindLiveObjects: 0.491195 ms CreateObjectMapping: 0.182496 ms MarkObjects: 2.217114 ms  DeleteObjects: 0.069539 ms)

========================================================================
Received Import Request.
  Time since last request: 1138.464326 seconds.
  path: Assets/New Material.mat
  artifactKey: Guid(3c78b653796e9421ab84c69fac2fa467) Importer(815301076,1909f56bfc062723c751e8b465ee728b)
Start importing Assets/New Material.mat using Guid(3c78b653796e9421ab84c69fac2fa467) Importer(815301076,1909f56bfc062723c751e8b465ee728b)  -> (artifact id: 'fae429530e379f43b462fb95194b0d96') in 2.344546 seconds 
========================================================================
Received Import Request.
  Time since last request: 20.335757 seconds.
  path: Assets/New Material 1.mat
  artifactKey: Guid(1da8c3668dcbf4605b817a86d5d7bd11) Importer(815301076,1909f56bfc062723c751e8b465ee728b)
Start importing Assets/New Material 1.mat using Guid(1da8c3668dcbf4605b817a86d5d7bd11) Importer(815301076,1909f56bfc062723c751e8b465ee728b)  -> (artifact id: '8cb227af33769051ea5a8d194d6e066d') in 0.019444 seconds 
========================================================================
Received Prepare
Registering precompiled user dll's ...
Registered in 0.002715 seconds.
Begin MonoManager ReloadAssembly
Native extension for OSXStandalone target not found
Refreshing native plugins compatible for Editor in 1.09 ms, found 1 plugins.
Preloading 0 native plugins for Editor in 0.00 ms.
Mono: successfully reloaded assembly
- Completed reload, in  1.844 seconds
Platform modules already initialized, skipping
Refreshing native plugins compatible for Editor in 0.68 ms, found 1 plugins.
Preloading 0 native plugins for Editor in 0.00 ms.
Unloading 2640 Unused Serialized files (Serialized files now loaded: 0)
System memory in use before: 315.6 MB.
System memory in use after: 315.8 MB.

Unloading 10 unused Assets to reduce memory usage. Loaded Objects now: 3154.
Total: 2.728707 ms (FindLiveObjects: 0.291301 ms CreateObjectMapping: 0.152446 ms MarkObjects: 2.227517 ms  DeleteObjects: 0.056093 ms)

========================================================================
Received Prepare
Registering precompiled user dll's ...
Registered in 0.008494 seconds.
Begin MonoManager ReloadAssembly
Native extension for OSXStandalone target not found
Refreshing native plugins compatible for Editor in 0.71 ms, found 1 plugins.
Preloading 0 native plugins for Editor in 0.00 ms.
Mono: successfully reloaded assembly
- Completed reload, in  3.807 seconds
Platform modules already initialized, skipping
Refreshing native plugins compatible for Editor in 0.59 ms, found 1 plugins.
Preloading 0 native plugins for Editor in 0.00 ms.
Unloading 2640 Unused Serialized files (Serialized files now loaded: 0)
System memory in use before: 315.8 MB.
System memory in use after: 316.0 MB.

Unloading 10 unused Assets to reduce memory usage. Loaded Objects now: 3156.
Total: 4.359185 ms (FindLiveObjects: 0.462145 ms CreateObjectMapping: 0.406264 ms MarkObjects: 3.426037 ms  DeleteObjects: 0.062528 ms)

========================================================================
Received Prepare
Registering precompiled user dll's ...
Registered in 0.006006 seconds.
Begin MonoManager ReloadAssembly
Native extension for OSXStandalone target not found
Refreshing native plugins compatible for Editor in 0.73 ms, found 1 plugins.
Preloading 0 native plugins for Editor in 0.00 ms.
Mono: successfully reloaded assembly
- Completed reload, in  1.746 seconds
Platform modules already initialized, skipping
Refreshing native plugins compatible for Editor in 0.50 ms, found 1 plugins.
Preloading 0 native plugins for Editor in 0.00 ms.
Unloading 2640 Unused Serialized files (Serialized files now loaded: 0)
System memory in use before: 316.0 MB.
System memory in use after: 316.2 MB.

Unloading 10 unused Assets to reduce memory usage. Loaded Objects now: 3158.
Total: 3.059272 ms (FindLiveObjects: 0.281310 ms CreateObjectMapping: 0.129637 ms MarkObjects: 2.579857 ms  DeleteObjects: 0.066838 ms)

========================================================================
Received Prepare
Registering precompiled user dll's ...
Registered in 0.010288 seconds.
Begin MonoManager ReloadAssembly
Native extension for OSXStandalone target not found
Refreshing native plugins compatible for Editor in 1.46 ms, found 1 plugins.
Preloading 0 native plugins for Editor in 0.00 ms.
Mono: successfully reloaded assembly
- Completed reload, in  2.402 seconds
Platform modules already initialized, skipping
Refreshing native plugins compatible for Editor in 0.78 ms, found 1 plugins.
Preloading 0 native plugins for Editor in 0.00 ms.
Unloading 2640 Unused Serialized files (Serialized files now loaded: 0)
System memory in use before: 316.2 MB.
System memory in use after: 316.4 MB.

Unloading 10 unused Assets to reduce memory usage. Loaded Objects now: 3160.
Total: 4.699660 ms (FindLiveObjects: 0.552891 ms CreateObjectMapping: 0.362102 ms MarkObjects: 3.718816 ms  DeleteObjects: 0.059864 ms)

========================================================================
Received Prepare
Registering precompiled user dll's ...
Registered in 0.005270 seconds.
Begin MonoManager ReloadAssembly
Native extension for OSXStandalone target not found
Refreshing native plugins compatible for Editor in 0.97 ms, found 1 plugins.
Preloading 0 native plugins for Editor in 0.00 ms.
Mono: successfully reloaded assembly
- Completed reload, in  6.469 seconds
Platform modules already initialized, skipping
Refreshing native plugins compatible for Editor in 1.18 ms, found 1 plugins.
Preloading 0 native plugins for Editor in 0.00 ms.
Unloading 2640 Unused Serialized files (Serialized files now loaded: 0)
System memory in use before: 316.4 MB.
System memory in use after: 316.5 MB.

Unloading 10 unused Assets to reduce memory usage. Loaded Objects now: 3162.
Total: 6.488556 ms (FindLiveObjects: 0.805778 ms CreateObjectMapping: 1.005145 ms MarkObjects: 4.568425 ms  DeleteObjects: 0.106504 ms)

========================================================================
Received Import Request.
  Time since last request: 790.068157 seconds.
  path: Assets/Movement.cs
  artifactKey: Guid(32bca2057626b410f923abf0541972bf) Importer(815301076,1909f56bfc062723c751e8b465ee728b)
Start importing Assets/Movement.cs using Guid(32bca2057626b410f923abf0541972bf) Importer(815301076,1909f56bfc062723c751e8b465ee728b)  -> (artifact id: '030b7a6a11b41c9511d580560805003a') in 0.065285 seconds 
========================================================================
Received Prepare
Registering precompiled user dll's ...
Registered in 0.003547 seconds.
Begin MonoManager ReloadAssembly
Native extension for OSXStandalone target not found
Refreshing native plugins compatible for Editor in 0.89 ms, found 1 plugins.
Preloading 0 native plugins for Editor in 0.00 ms.
Mono: successfully reloaded assembly
- Completed reload, in  1.979 seconds
Platform modules already initialized, skipping
Refreshing native plugins compatible for Editor in 0.52 ms, found 1 plugins.
Preloading 0 native plugins for Editor in 0.00 ms.
Unloading 2641 Unused Serialized files (Serialized files now loaded: 0)
System memory in use before: 316.6 MB.
System memory in use after: 316.8 MB.

Unloading 10 unused Assets to reduce memory usage. Loaded Objects now: 3165.
Total: 3.078814 ms (FindLiveObjects: 0.472585 ms CreateObjectMapping: 0.246425 ms MarkObjects: 2.293913 ms  DeleteObjects: 0.063721 ms)

========================================================================
Received Import Request.
  Time since last request: 146.790692 seconds.
  path: Assets/Movement.cs
  artifactKey: Guid(32bca2057626b410f923abf0541972bf) Importer(815301076,1909f56bfc062723c751e8b465ee728b)
Start importing Assets/Movement.cs using Guid(32bca2057626b410f923abf0541972bf) Importer(815301076,1909f56bfc062723c751e8b465ee728b)  -> (artifact id: '5508b89f990d5fe9636529cd6e4389e3') in 0.035126 seconds 
========================================================================
Received Prepare
Registering precompiled user dll's ...
Registered in 0.004036 seconds.
Begin MonoManager ReloadAssembly
Native extension for OSXStandalone target not found
Refreshing native plugins compatible for Editor in 1.09 ms, found 1 plugins.
Preloading 0 native plugins for Editor in 0.00 ms.
Mono: successfully reloaded assembly
- Completed reload, in  2.145 seconds
Platform modules already initialized, skipping
Refreshing native plugins compatible for Editor in 0.57 ms, found 1 plugins.
Preloading 0 native plugins for Editor in 0.00 ms.
Unloading 2641 Unused Serialized files (Serialized files now loaded: 0)
System memory in use before: 316.8 MB.
System memory in use after: 317.0 MB.

Unloading 10 unused Assets to reduce memory usage. Loaded Objects now: 3167.
Total: 3.726179 ms (FindLiveObjects: 0.375916 ms CreateObjectMapping: 0.148172 ms MarkObjects: 3.123625 ms  DeleteObjects: 0.076700 ms)

========================================================================
Received Import Request.
  Time since last request: 168.638844 seconds.
  path: Assets/CameraSwitch.cs
  artifactKey: Guid(ae782dbc7a881403fac9e464c986b08d) Importer(815301076,1909f56bfc062723c751e8b465ee728b)
Start importing Assets/CameraSwitch.cs using Guid(ae782dbc7a881403fac9e464c986b08d) Importer(815301076,1909f56bfc062723c751e8b465ee728b)  -> (artifact id: '7240d8b6de96ad83a0f3774df1bcc44b') in 0.009846 seconds 
========================================================================
Received Prepare
Registering precompiled user dll's ...
Registered in 0.009984 seconds.
Begin MonoManager ReloadAssembly
Native extension for OSXStandalone target not found
Refreshing native plugins compatible for Editor in 0.60 ms, found 1 plugins.
Preloading 0 native plugins for Editor in 0.00 ms.
Mono: successfully reloaded assembly
- Completed reload, in  1.840 seconds
Platform modules already initialized, skipping
Refreshing native plugins compatible for Editor in 0.61 ms, found 1 plugins.
Preloading 0 native plugins for Editor in 0.00 ms.
Unloading 2641 Unused Serialized files (Serialized files now loaded: 0)
System memory in use before: 317.0 MB.
System memory in use after: 317.2 MB.

Unloading 10 unused Assets to reduce memory usage. Loaded Objects now: 3169.
Total: 4.495244 ms (FindLiveObjects: 0.680716 ms CreateObjectMapping: 0.413884 ms MarkObjects: 3.312261 ms  DeleteObjects: 0.085555 ms)

========================================================================
Received Prepare
Registering precompiled user dll's ...
Registered in 0.003297 seconds.
Begin MonoManager ReloadAssembly
Native extension for OSXStandalone target not found
Refreshing native plugins compatible for Editor in 0.96 ms, found 1 plugins.
Preloading 0 native plugins for Editor in 0.00 ms.
Mono: successfully reloaded assembly
- Completed reload, in  1.734 seconds
Platform modules already initialized, skipping
Refreshing native plugins compatible for Editor in 0.95 ms, found 1 plugins.
Preloading 0 native plugins for Editor in 0.00 ms.
Unloading 2641 Unused Serialized files (Serialized files now loaded: 0)
System memory in use before: 317.2 MB.
System memory in use after: 317.4 MB.

Unloading 10 unused Assets to reduce memory usage. Loaded Objects now: 3171.
Total: 3.686602 ms (FindLiveObjects: 0.363550 ms CreateObjectMapping: 0.181866 ms MarkObjects: 3.073741 ms  DeleteObjects: 0.065354 ms)

========================================================================
Received Prepare
Registering precompiled user dll's ...
Registered in 0.009562 seconds.
Begin MonoManager ReloadAssembly
Native extension for OSXStandalone target not found
Refreshing native plugins compatible for Editor in 0.62 ms, found 1 plugins.
Preloading 0 native plugins for Editor in 0.00 ms.
Mono: successfully reloaded assembly
- Completed reload, in  2.112 seconds
Platform modules already initialized, skipping
Refreshing native plugins compatible for Editor in 0.62 ms, found 1 plugins.
Preloading 0 native plugins for Editor in 0.00 ms.
Unloading 2641 Unused Serialized files (Serialized files now loaded: 0)
System memory in use before: 317.4 MB.
System memory in use after: 317.5 MB.

Unloading 10 unused Assets to reduce memory usage. Loaded Objects now: 3173.
Total: 2.838294 ms (FindLiveObjects: 0.366274 ms CreateObjectMapping: 0.191169 ms MarkObjects: 2.213906 ms  DeleteObjects: 0.065187 ms)

========================================================================
Received Prepare
Registering precompiled user dll's ...
Registered in 0.003189 seconds.
Begin MonoManager ReloadAssembly
Native extension for OSXStandalone target not found
Refreshing native plugins compatible for Editor in 0.61 ms, found 1 plugins.
Preloading 0 native plugins for Editor in 0.00 ms.
Mono: successfully reloaded assembly
- Completed reload, in  1.431 seconds
Platform modules already initialized, skipping
Refreshing native plugins compatible for Editor in 0.60 ms, found 1 plugins.
Preloading 0 native plugins for Editor in 0.00 ms.
Unloading 2641 Unused Serialized files (Serialized files now loaded: 0)
System memory in use before: 317.5 MB.
System memory in use after: 317.7 MB.

Unloading 10 unused Assets to reduce memory usage. Loaded Objects now: 3175.
Total: 3.135835 ms (FindLiveObjects: 0.435045 ms CreateObjectMapping: 0.284465 ms MarkObjects: 2.361348 ms  DeleteObjects: 0.052608 ms)

========================================================================
Received Import Request.
  Time since last request: 1358.188706 seconds.
  path: Assets/CameraSwitch.cs
  artifactKey: Guid(ae782dbc7a881403fac9e464c986b08d) Importer(815301076,1909f56bfc062723c751e8b465ee728b)
Start importing Assets/CameraSwitch.cs using Guid(ae782dbc7a881403fac9e464c986b08d) Importer(815301076,1909f56bfc062723c751e8b465ee728b)  -> (artifact id: '4261369a4971ed70db47d581ec9e0bcd') in 0.026827 seconds 
========================================================================
Received Import Request.
  Time since last request: 6.763125 seconds.
  path: Assets/Movement.cs
  artifactKey: Guid(32bca2057626b410f923abf0541972bf) Importer(815301076,1909f56bfc062723c751e8b465ee728b)
Start importing Assets/Movement.cs using Guid(32bca2057626b410f923abf0541972bf) Importer(815301076,1909f56bfc062723c751e8b465ee728b)  -> (artifact id: '9c608c45fb1cb877688896af4fe6b090') in 0.006854 seconds 
========================================================================
Received Prepare
Registering precompiled user dll's ...
Registered in 0.003045 seconds.
Begin MonoManager ReloadAssembly
Native extension for OSXStandalone target not found
Refreshing native plugins compatible for Editor in 0.70 ms, found 1 plugins.
Preloading 0 native plugins for Editor in 0.00 ms.
Mono: successfully reloaded assembly
- Completed reload, in  2.115 seconds
Platform modules already initialized, skipping
Refreshing native plugins compatible for Editor in 0.68 ms, found 1 plugins.
Preloading 0 native plugins for Editor in 0.00 ms.
Unloading 2641 Unused Serialized files (Serialized files now loaded: 0)
System memory in use before: 317.8 MB.
System memory in use after: 318.0 MB.

Unloading 10 unused Assets to reduce memory usage. Loaded Objects now: 3177.
Total: 2.948600 ms (FindLiveObjects: 0.465256 ms CreateObjectMapping: 0.219980 ms MarkObjects: 2.182795 ms  DeleteObjects: 0.078258 ms)

========================================================================
Received Prepare
Registering precompiled user dll's ...
Registered in 0.006290 seconds.
Begin MonoManager ReloadAssembly
Native extension for OSXStandalone target not found
Refreshing native plugins compatible for Editor in 0.85 ms, found 1 plugins.
Preloading 0 native plugins for Editor in 0.00 ms.
Mono: successfully reloaded assembly
- Completed reload, in  1.725 seconds
Platform modules already initialized, skipping
Refreshing native plugins compatible for Editor in 0.55 ms, found 1 plugins.
Preloading 0 native plugins for Editor in 0.00 ms.
Unloading 2641 Unused Serialized files (Serialized files now loaded: 0)
System memory in use before: 318.0 MB.
System memory in use after: 318.2 MB.

Unloading 10 unused Assets to reduce memory usage. Loaded Objects now: 3179.
Total: 3.192461 ms (FindLiveObjects: 0.451100 ms CreateObjectMapping: 0.257608 ms MarkObjects: 2.400605 ms  DeleteObjects: 0.081147 ms)

========================================================================
Received Prepare
Registering precompiled user dll's ...
Registered in 0.008138 seconds.
Begin MonoManager ReloadAssembly
Native extension for OSXStandalone target not found
Refreshing native plugins compatible for Editor in 0.99 ms, found 1 plugins.
Preloading 0 native plugins for Editor in 0.00 ms.
Mono: successfully reloaded assembly
- Completed reload, in  1.764 seconds
Platform modules already initialized, skipping
Refreshing native plugins compatible for Editor in 0.64 ms, found 1 plugins.
Preloading 0 native plugins for Editor in 0.00 ms.
Unloading 2641 Unused Serialized files (Serialized files now loaded: 0)
System memory in use before: 318.2 MB.
System memory in use after: 318.3 MB.

Unloading 10 unused Assets to reduce memory usage. Loaded Objects now: 3181.
Total: 2.998827 ms (FindLiveObjects: 0.427586 ms CreateObjectMapping: 0.479314 ms MarkObjects: 2.032292 ms  DeleteObjects: 0.057774 ms)

========================================================================
Received Prepare
Registering precompiled user dll's ...
Registered in 0.031587 seconds.
Begin MonoManager ReloadAssembly
Native extension for OSXStandalone target not found
Refreshing native plugins compatible for Editor in 2.09 ms, found 1 plugins.
Preloading 0 native plugins for Editor in 0.00 ms.
Mono: successfully reloaded assembly
- Completed reload, in  4.009 seconds
Platform modules already initialized, skipping
Refreshing native plugins compatible for Editor in 7.87 ms, found 1 plugins.
Preloading 0 native plugins for Editor in 0.00 ms.
Unloading 2641 Unused Serialized files (Serialized files now loaded: 0)
System memory in use before: 318.3 MB.
System memory in use after: 318.5 MB.

Unloading 10 unused Assets to reduce memory usage. Loaded Objects now: 3183.
Total: 6.515146 ms (FindLiveObjects: 0.620287 ms CreateObjectMapping: 0.286124 ms MarkObjects: 5.539367 ms  DeleteObjects: 0.065489 ms)

